<?xml version="1.0" encoding="UTF-8"?>
<testng-results ignored="0" total="2" passed="2" failed="0" skipped="0">
  <reporter-output>
  </reporter-output>
  <suite started-at="2021-03-01T13:27:25Z" name="Suite" finished-at="2021-03-01T13:29:59Z" duration-ms="153774">
    <groups>
    </groups>
    <test started-at="2021-03-01T13:27:25Z" name="Test" finished-at="2021-03-01T13:29:59Z" duration-ms="153774">
      <class name="TestCases.TestCase02">
        <test-method signature="FindAllLinks()[pri:0, instance:TestCases.TestCase02@67f639d3]" started-at="2021-03-01T18:57:25Z" name="FindAllLinks" finished-at="2021-03-01T18:58:36Z" duration-ms="70770" status="PASS">
          <reporter-output>
          </reporter-output>
        </test-method> <!-- FindAllLinks -->
      </class> <!-- TestCases.TestCase02 -->
      <class name="TestCases.TestCase01">
        <test-method signature="ORMLogin()[pri:0, instance:TestCases.TestCase01@27462a88]" started-at="2021-03-01T18:58:36Z" name="ORMLogin" finished-at="2021-03-01T18:59:59Z" duration-ms="82973" status="PASS">
          <reporter-output>
          </reporter-output>
        </test-method> <!-- ORMLogin -->
      </class> <!-- TestCases.TestCase01 -->
    </test> <!-- Test -->
  </suite> <!-- Suite -->
</testng-results>
